<?xml version="1.0" encoding="UTF-8"?>
<testsuite xmlns:xsi="http://www.w3.org/2001/XMLSchema-instance" xsi:noNamespaceSchemaLocation="https://maven.apache.org/surefire/maven-surefire-plugin/xsd/surefire-test-report-3.0.xsd" version="3.0" name="com.maxim.service.UserServiceTest$Login" time="0.149" tests="16" errors="0" skipped="1" failures="0">
  <properties>
    <property name="java.specification.version" value="19"/>
    <property name="sun.cpu.isalist" value="amd64"/>
    <property name="sun.jnu.encoding" value="Cp1251"/>
    <property name="java.class.path" value="C:\Users\123\Desktop\JAVA projects\junit5-maven-test\target\test-classes;C:\Users\123\Desktop\JAVA projects\junit5-maven-test\target\classes;C:\Users\123\.m2\repository\org\junit\jupiter\junit-jupiter-engine\5.9.3\junit-jupiter-engine-5.9.3.jar;C:\Users\123\.m2\repository\org\junit\platform\junit-platform-engine\1.9.3\junit-platform-engine-1.9.3.jar;C:\Users\123\.m2\repository\org\opentest4j\opentest4j\1.2.0\opentest4j-1.2.0.jar;C:\Users\123\.m2\repository\org\junit\platform\junit-platform-commons\1.9.3\junit-platform-commons-1.9.3.jar;C:\Users\123\.m2\repository\org\junit\jupiter\junit-jupiter-api\5.9.3\junit-jupiter-api-5.9.3.jar;C:\Users\123\.m2\repository\org\apiguardian\apiguardian-api\1.1.2\apiguardian-api-1.1.2.jar;C:\Users\123\.m2\repository\org\projectlombok\lombok\1.18.28\lombok-1.18.28.jar;C:\Users\123\.m2\repository\org\assertj\assertj-core\3.24.2\assertj-core-3.24.2.jar;C:\Users\123\.m2\repository\net\bytebuddy\byte-buddy\1.12.21\byte-buddy-1.12.21.jar;C:\Users\123\.m2\repository\org\hamcrest\hamcrest-all\1.3\hamcrest-all-1.3.jar;C:\Users\123\.m2\repository\junit\junit\4.13.1\junit-4.13.1.jar;C:\Users\123\.m2\repository\org\hamcrest\hamcrest-core\1.3\hamcrest-core-1.3.jar;C:\Users\123\.m2\repository\org\junit\jupiter\junit-jupiter-params\5.9.3\junit-jupiter-params-5.9.3.jar;"/>
    <property name="java.vm.vendor" value="Oracle Corporation"/>
    <property name="sun.arch.data.model" value="64"/>
    <property name="user.variant" value=""/>
    <property name="java.vendor.url" value="https://java.oracle.com/"/>
    <property name="user.timezone" value="Europe/Kiev"/>
    <property name="os.name" value="Windows 10"/>
    <property name="java.vm.specification.version" value="19"/>
    <property name="sun.java.launcher" value="SUN_STANDARD"/>
    <property name="user.country" value="RU"/>
    <property name="sun.boot.library.path" value="C:\Program Files\Java\jdk-19\bin"/>
    <property name="sun.java.command" value="C:\Users\123\AppData\Local\Temp\surefire5106037887852814659\surefirebooter-20230905180555737_3.jar C:\Users\123\AppData\Local\Temp\surefire5106037887852814659 2023-09-05T18-05-55_547-jvmRun1 surefire-20230905180555737_1tmp surefire_0-20230905180555737_2tmp"/>
    <property name="jdk.debug" value="release"/>
    <property name="surefire.test.class.path" value="C:\Users\123\Desktop\JAVA projects\junit5-maven-test\target\test-classes;C:\Users\123\Desktop\JAVA projects\junit5-maven-test\target\classes;C:\Users\123\.m2\repository\org\junit\jupiter\junit-jupiter-engine\5.9.3\junit-jupiter-engine-5.9.3.jar;C:\Users\123\.m2\repository\org\junit\platform\junit-platform-engine\1.9.3\junit-platform-engine-1.9.3.jar;C:\Users\123\.m2\repository\org\opentest4j\opentest4j\1.2.0\opentest4j-1.2.0.jar;C:\Users\123\.m2\repository\org\junit\platform\junit-platform-commons\1.9.3\junit-platform-commons-1.9.3.jar;C:\Users\123\.m2\repository\org\junit\jupiter\junit-jupiter-api\5.9.3\junit-jupiter-api-5.9.3.jar;C:\Users\123\.m2\repository\org\apiguardian\apiguardian-api\1.1.2\apiguardian-api-1.1.2.jar;C:\Users\123\.m2\repository\org\projectlombok\lombok\1.18.28\lombok-1.18.28.jar;C:\Users\123\.m2\repository\org\assertj\assertj-core\3.24.2\assertj-core-3.24.2.jar;C:\Users\123\.m2\repository\net\bytebuddy\byte-buddy\1.12.21\byte-buddy-1.12.21.jar;C:\Users\123\.m2\repository\org\hamcrest\hamcrest-all\1.3\hamcrest-all-1.3.jar;C:\Users\123\.m2\repository\junit\junit\4.13.1\junit-4.13.1.jar;C:\Users\123\.m2\repository\org\hamcrest\hamcrest-core\1.3\hamcrest-core-1.3.jar;C:\Users\123\.m2\repository\org\junit\jupiter\junit-jupiter-params\5.9.3\junit-jupiter-params-5.9.3.jar;"/>
    <property name="sun.cpu.endian" value="little"/>
    <property name="user.home" value="C:\Users\123"/>
    <property name="user.language" value="ru"/>
    <property name="java.specification.vendor" value="Oracle Corporation"/>
    <property name="java.version.date" value="2023-01-17"/>
    <property name="java.home" value="C:\Program Files\Java\jdk-19"/>
    <property name="file.separator" value="\"/>
    <property name="basedir" value="C:\Users\123\Desktop\JAVA projects\junit5-maven-test"/>
    <property name="java.vm.compressedOopsMode" value="Zero based"/>
    <property name="line.separator" value="&#10;"/>
    <property name="java.vm.specification.vendor" value="Oracle Corporation"/>
    <property name="java.specification.name" value="Java Platform API Specification"/>
    <property name="surefire.real.class.path" value="C:\Users\123\AppData\Local\Temp\surefire5106037887852814659\surefirebooter-20230905180555737_3.jar"/>
    <property name="user.script" value=""/>
    <property name="sun.management.compiler" value="HotSpot 64-Bit Tiered Compilers"/>
    <property name="java.runtime.version" value="19.0.2+7-44"/>
    <property name="user.name" value="123"/>
    <property name="stdout.encoding" value="Cp1251"/>
    <property name="path.separator" value=";"/>
    <property name="os.version" value="10.0"/>
    <property name="java.runtime.name" value="Java(TM) SE Runtime Environment"/>
    <property name="file.encoding" value="UTF-8"/>
    <property name="java.vm.name" value="Java HotSpot(TM) 64-Bit Server VM"/>
    <property name="localRepository" value="C:\Users\123\.m2\repository"/>
    <property name="java.vendor.url.bug" value="https://bugreport.java.com/bugreport/"/>
    <property name="java.io.tmpdir" value="C:\Users\123\AppData\Local\Temp\"/>
    <property name="java.version" value="19.0.2"/>
    <property name="user.dir" value="C:\Users\123\Desktop\JAVA projects\junit5-maven-test"/>
    <property name="os.arch" value="amd64"/>
    <property name="java.vm.specification.name" value="Java Virtual Machine Specification"/>
    <property name="sun.os.patch.level" value=""/>
    <property name="native.encoding" value="Cp1251"/>
    <property name="java.library.path" value="C:\Program Files\Java\jdk-19\bin;C:\WINDOWS\Sun\Java\bin;C:\WINDOWS\system32;C:\WINDOWS;C:\Python311\Scripts\;C:\Python311\;C:\Program Files\Common Files\Oracle\Java\javapath;C:\Program Files (x86)\Common Files\Intel\Shared Libraries\redist\ia32\compiler;C:\Program Files (x86)\Common Files\Intel\Shared Libraries\redist\intel64\compiler;C:\Windows\system32;C:\Windows;C:\Windows\System32\Wbem;C:\Windows\System32\WindowsPowerShell\v1.0\;C:\Windows\System32\OpenSSH\;C:\Program Files\NVIDIA Corporation\NVIDIA NvDLISR;C:\WINDOWS\system32;C:\WINDOWS;C:\WINDOWS\System32\Wbem;C:\WINDOWS\System32\WindowsPowerShell\v1.0\;C:\WINDOWS\System32\OpenSSH\;C:\Program Files (x86)\NVIDIA Corporation\PhysX\Common;C:\Program Files\dotnet\;C:\Program Files\Git\cmd;ะก:\Program Files\Java\jdk-19\bin;C:\Program Files\apache-maven-3.9.3\bin;C:\Gradle\gradle-8.2\bin;C:\Program Files\nvim\bin;C:\MinGW\bin;C:\Users\123\AppData\Local\Microsoft\WindowsApps;C:\ProgramData\chocolatey\bin;C:\Users\123\AppData\Local\nvim-data\site\pack\packer\start\nvim-treesitter\parser;C:\ProgramData\chocolatey\lib\zig\tools\zig-windows-x86_64-0.10.1;C:\Program Files\Tree-sitter;C:\Program Files\PowerShell\7\;C:\Users\123\.local\bin;C:\Python311;C:\Program Files\nodejs\;C:\Users\123\AppData\Local\nvim-data\mason\packages\lua-language-server;C:\Program Files\Lua;%GROOVY_HOME%bin;C:\Program Files (x86)\Groovy\bin;C:\Users\123\.cargo\bin;C:\Program Files\apache-maven-3.9.3\bin;C:\Users\123\AppData\Local\Programs\Microsoft VS Code\bin;C:\Program Files\Neovim\bin;C:\Users\123\AppData\Roaming\npm;."/>
    <property name="java.vm.info" value="mixed mode, sharing"/>
    <property name="stderr.encoding" value="Cp1251"/>
    <property name="java.vendor" value="Oracle Corporation"/>
    <property name="java.vm.version" value="19.0.2+7-44"/>
    <property name="sun.io.unicode.encoding" value="UnicodeLittle"/>
    <property name="java.class.version" value="63.0"/>
  </properties>
  <testcase name="usersSizeIfUserAdded" classname="com.maxim.service.UserServiceTest" time="0.1">
    <system-out><![CDATA[Hello from condition evaluation result

post processing extension
Bofore all callback
Before all: 
Hello from condition evaluation result
Before each: com.maxim.service.UserServiceTest@74f0ea28
Test 2: com.maxim.service.UserServiceTest@74f0ea28
after test execution
After each: com.maxim.service.UserServiceTest@74f0ea28
]]></system-out>
  </testcase>
  <testcase name="usersConvertedToMapById" classname="com.maxim.service.UserServiceTest" time="0.015">
    <system-out><![CDATA[Hello from condition evaluation result
Before each: com.maxim.service.UserServiceTest@74f0ea28
after test execution
After each: com.maxim.service.UserServiceTest@74f0ea28
]]></system-out>
  </testcase>
  <testcase name="usersEmptyIfNoUserAdded" classname="com.maxim.service.UserServiceTest" time="0.003">
    <system-out><![CDATA[Hello from condition evaluation result
Before each: com.maxim.service.UserServiceTest@74f0ea28
Test 1: com.maxim.service.UserServiceTest@74f0ea28
after test execution
After each: com.maxim.service.UserServiceTest@74f0ea28
]]></system-out>
  </testcase>
  <testcase name="loginParametrizedTest(String, String, Optional)[1]" classname="com.maxim.service.UserServiceTest$Login" time="0.035">
    <system-out><![CDATA[Hello from condition evaluation result
Bofore all callback
Hello from condition evaluation result
post processing extension
Hello from condition evaluation result
Before each: com.maxim.service.UserServiceTest@74f0ea28
after test execution
After each: com.maxim.service.UserServiceTest@74f0ea28
]]></system-out>
  </testcase>
  <testcase name="loginParametrizedTest(String, String, Optional)[2]" classname="com.maxim.service.UserServiceTest$Login" time="0.003">
    <system-out><![CDATA[post processing extension
Hello from condition evaluation result
Before each: com.maxim.service.UserServiceTest@74f0ea28
after test execution
After each: com.maxim.service.UserServiceTest@74f0ea28
]]></system-out>
  </testcase>
  <testcase name="loginParametrizedTest(String, String, Optional)[3]" classname="com.maxim.service.UserServiceTest$Login" time="0.002">
    <system-out><![CDATA[post processing extension
Hello from condition evaluation result
Before each: com.maxim.service.UserServiceTest@74f0ea28
after test execution
After each: com.maxim.service.UserServiceTest@74f0ea28
]]></system-out>
  </testcase>
  <testcase name="loginParametrizedTest(String, String, Optional)[4]" classname="com.maxim.service.UserServiceTest$Login" time="0.002">
    <system-out><![CDATA[post processing extension
Hello from condition evaluation result
Before each: com.maxim.service.UserServiceTest@74f0ea28
after test execution
After each: com.maxim.service.UserServiceTest@74f0ea28
]]></system-out>
  </testcase>
  <testcase name="loginSuccessIfUserExists" classname="com.maxim.service.UserServiceTest$Login" time="0.005">
    <system-out><![CDATA[post processing extension
Hello from condition evaluation result
Before each: com.maxim.service.UserServiceTest@74f0ea28
after test execution
After each: com.maxim.service.UserServiceTest@74f0ea28
]]></system-out>
  </testcase>
  <testcase name="checkLoginFunctionalityPerformance" classname="com.maxim.service.UserServiceTest$Login" time="0.0">
    <skipped message="void com.maxim.service.UserServiceTest$Login.checkLoginFunctionalityPerformance() is @Disabled"/>
    <system-out><![CDATA[post processing extension
]]></system-out>
  </testcase>
  <testcase name="loginFailIfPasswordNotCorrect" classname="com.maxim.service.UserServiceTest$Login" time="0.002">
    <system-out><![CDATA[post processing extension
Hello from condition evaluation result
Before each: com.maxim.service.UserServiceTest@74f0ea28
after test execution
After each: com.maxim.service.UserServiceTest@74f0ea28
]]></system-out>
  </testcase>
  <testcase name="throwExceptionIfUserNameOrPasswordIsNull" classname="com.maxim.service.UserServiceTest$Login" time="0.008">
    <system-out><![CDATA[post processing extension
Hello from condition evaluation result
Before each: com.maxim.service.UserServiceTest@74f0ea28
after test execution
After each: com.maxim.service.UserServiceTest@74f0ea28
]]></system-out>
  </testcase>
  <testcase name="loginFailIfUserDoesNotExist(RepetitionInfo)[1]" classname="com.maxim.service.UserServiceTest$Login" time="0.004">
    <system-out><![CDATA[Hello from condition evaluation result
post processing extension
Hello from condition evaluation result
Before each: com.maxim.service.UserServiceTest@74f0ea28
after test execution
After each: com.maxim.service.UserServiceTest@74f0ea28
]]></system-out>
  </testcase>
  <testcase name="loginFailIfUserDoesNotExist(RepetitionInfo)[2]" classname="com.maxim.service.UserServiceTest$Login" time="0.003">
    <system-out><![CDATA[post processing extension
Hello from condition evaluation result
Before each: com.maxim.service.UserServiceTest@74f0ea28
after test execution
After each: com.maxim.service.UserServiceTest@74f0ea28
]]></system-out>
  </testcase>
  <testcase name="loginFailIfUserDoesNotExist(RepetitionInfo)[3]" classname="com.maxim.service.UserServiceTest$Login" time="0.002">
    <system-out><![CDATA[post processing extension
Hello from condition evaluation result
Before each: com.maxim.service.UserServiceTest@74f0ea28
after test execution
After each: com.maxim.service.UserServiceTest@74f0ea28
]]></system-out>
  </testcase>
  <testcase name="loginFailIfUserDoesNotExist(RepetitionInfo)[4]" classname="com.maxim.service.UserServiceTest$Login" time="0.003">
    <system-out><![CDATA[post processing extension
Hello from condition evaluation result
Before each: com.maxim.service.UserServiceTest@74f0ea28
after test execution
After each: com.maxim.service.UserServiceTest@74f0ea28
]]></system-out>
  </testcase>
  <testcase name="loginFailIfUserDoesNotExist(RepetitionInfo)[5]" classname="com.maxim.service.UserServiceTest$Login" time="0.001">
    <system-out><![CDATA[post processing extension
Hello from condition evaluation result
Before each: com.maxim.service.UserServiceTest@74f0ea28
after test execution
After each: com.maxim.service.UserServiceTest@74f0ea28
]]></system-out>
  </testcase>
</testsuite>